[    26.420] (--) Log file renamed from "/home/joooahn/.local/share/xorg/Xorg.pid-1485.log" to "/home/joooahn/.local/share/xorg/Xorg.0.log"
[    26.421] 
X.Org X Server 1.19.6
Release Date: 2017-12-20
[    26.421] X Protocol Version 11, Revision 0
[    26.421] Build Operating System: Linux 4.4.0-119-generic x86_64 Ubuntu
[    26.421] Current Operating System: Linux ubuntu 4.15.0-29-generic #31-Ubuntu SMP Tue Jul 17 15:39:52 UTC 2018 x86_64
[    26.421] Kernel command line: BOOT_IMAGE=/boot/vmlinuz-4.15.0-29-generic root=UUID=ac6a4c4b-b0c4-455d-9a37-f6ed9517e6e9 ro find_preseed=/preseed.cfg auto noprompt priority=critical locale=en_US quiet
[    26.421] Build Date: 13 April 2018  08:07:36PM
[    26.421] xorg-server 2:1.19.6-1ubuntu4 (For technical support please see http://www.ubuntu.com/support) 
[    26.421] Current version of pixman: 0.34.0
[    26.421] 	Before reporting problems, check http://wiki.x.org
	to make sure that you have the latest version.
[    26.421] Markers: (--) probed, (**) from config file, (==) default setting,
	(++) from command line, (!!) notice, (II) informational,
	(WW) warning, (EE) error, (NI) not implemented, (??) unknown.
[    26.421] (==) Log file: "/home/joooahn/.local/share/xorg/Xorg.0.log", Time: Tue Oct 30 04:22:52 2018
[    26.422] (==) Using system config directory "/usr/share/X11/xorg.conf.d"
[    26.424] (==) No Layout section.  Using the first Screen section.
[    26.424] (==) No screen section available. Using defaults.
[    26.424] (**) |-->Screen "Default Screen Section" (0)
[    26.424] (**) |   |-->Monitor "<default monitor>"
[    26.425] (==) No monitor specified for screen "Default Screen Section".
	Using a default monitor configuration.
[    26.425] (==) Automatically adding devices
[    26.425] (==) Automatically enabling devices
[    26.425] (==) Automatically adding GPU devices
[    26.425] (==) Automatically binding GPU devices
[    26.425] (==) Max clients allowed: 256, resource mask: 0x1fffff
[    26.425] (WW) The directory "/usr/share/fonts/X11/cyrillic" does not exist.
[    26.425] 	Entry deleted from font path.
[    26.425] (WW) The directory "/usr/share/fonts/X11/100dpi/" does not exist.
[    26.425] 	Entry deleted from font path.
[    26.425] (WW) The directory "/usr/share/fonts/X11/75dpi/" does not exist.
[    26.425] 	Entry deleted from font path.
[    26.425] (WW) The directory "/usr/share/fonts/X11/100dpi" does not exist.
[    26.425] 	Entry deleted from font path.
[    26.425] (WW) The directory "/usr/share/fonts/X11/75dpi" does not exist.
[    26.425] 	Entry deleted from font path.
[    26.425] (==) FontPath set to:
	/usr/share/fonts/X11/misc,
	/usr/share/fonts/X11/Type1,
	built-ins
[    26.425] (==) ModulePath set to "/usr/lib/xorg/modules"
[    26.425] (II) The server relies on udev to provide the list of input devices.
	If no devices become available, reconfigure udev or disable AutoAddDevices.
[    26.426] (II) Loader magic: 0x5556b792d020
[    26.426] (II) Module ABI versions:
[    26.426] 	X.Org ANSI C Emulation: 0.4
[    26.426] 	X.Org Video Driver: 23.0
[    26.426] 	X.Org XInput driver : 24.1
[    26.426] 	X.Org Server Extension : 10.0
[    26.426] (++) using VT number 2

[    26.430] (II) systemd-logind: took control of session /org/freedesktop/login1/session/_32
[    26.432] (II) xfree86: Adding drm device (/dev/dri/card0)
[    26.443] (II) systemd-logind: got fd for /dev/dri/card0 226:0 fd 12 paused 0
[    26.464] (--) PCI:*(0:0:15:0) 15ad:0405:15ad:0405 rev 0, Mem @ 0xe8000000/134217728, 0xfe000000/8388608, I/O @ 0x00001070/16, BIOS @ 0x????????/131072
[    26.465] (II) LoadModule: "glx"
[    26.466] (II) Loading /usr/lib/xorg/modules/extensions/libglx.so
[    26.470] (II) Module glx: vendor="X.Org Foundation"
[    26.470] 	compiled for 1.19.6, module version = 1.0.0
[    26.471] 	ABI class: X.Org Server Extension, version 10.0
[    26.471] (==) Matched vmware as autoconfigured driver 0
[    26.471] (==) Matched vmware as autoconfigured driver 1
[    26.471] (==) Matched modesetting as autoconfigured driver 2
[    26.471] (==) Matched fbdev as autoconfigured driver 3
[    26.471] (==) Matched vesa as autoconfigured driver 4
[    26.471] (==) Assigned the driver to the xf86ConfigLayout
[    26.471] (II) LoadModule: "vmware"
[    26.473] (II) Loading /usr/lib/xorg/modules/drivers/vmware_drv.so
[    26.495] (II) Module vmware: vendor="X.Org Foundation"
[    26.495] 	compiled for 1.19.3, module version = 13.2.1
[    26.496] 	Module class: X.Org Video Driver
[    26.496] 	ABI class: X.Org Video Driver, version 23.0
[    26.496] (II) LoadModule: "modesetting"
[    26.496] (II) Loading /usr/lib/xorg/modules/drivers/modesetting_drv.so
[    26.498] (II) Module modesetting: vendor="X.Org Foundation"
[    26.498] 	compiled for 1.19.6, module version = 1.19.6
[    26.499] 	Module class: X.Org Video Driver
[    26.499] 	ABI class: X.Org Video Driver, version 23.0
[    26.499] (II) LoadModule: "fbdev"
[    26.499] (II) Loading /usr/lib/xorg/modules/drivers/fbdev_drv.so
[    26.501] (II) Module fbdev: vendor="X.Org Foundation"
[    26.501] 	compiled for 1.19.3, module version = 0.4.4
[    26.501] 	Module class: X.Org Video Driver
[    26.501] 	ABI class: X.Org Video Driver, version 23.0
[    26.501] (II) LoadModule: "vesa"
[    26.502] (II) Loading /usr/lib/xorg/modules/drivers/vesa_drv.so
[    26.503] (II) Module vesa: vendor="X.Org Foundation"
[    26.503] 	compiled for 1.19.3, module version = 2.3.4
[    26.503] 	Module class: X.Org Video Driver
[    26.503] 	ABI class: X.Org Video Driver, version 23.0
[    26.503] (II) vmware: driver for VMware SVGA: vmware0405, vmware0710
[    26.504] (II) modesetting: Driver for Modesetting Kernel Drivers: kms
[    26.504] (II) FBDEV: driver for framebuffer: fbdev
[    26.504] (II) VESA: driver for VESA chipsets: vesa
[    26.504] xf86EnableIOPorts: failed to set IOPL for I/O (Operation not permitted)
[    26.504] (WW) Falling back to old probe method for modesetting
[    26.505] (WW) Falling back to old probe method for fbdev
[    26.505] (II) Loading sub module "fbdevhw"
[    26.505] (II) LoadModule: "fbdevhw"
[    26.506] (II) Loading /usr/lib/xorg/modules/libfbdevhw.so
[    26.507] (II) Module fbdevhw: vendor="X.Org Foundation"
[    26.507] 	compiled for 1.19.6, module version = 0.0.2
[    26.507] 	ABI class: X.Org Video Driver, version 23.0
[    26.508] (EE) open /dev/fb0: Permission denied
[    26.508] (WW) Falling back to old probe method for vesa
[    26.508] (WW) VGA arbiter: cannot open kernel arbiter, no multi-card support
[    26.508] (II) vmware(0): Creating default Display subsection in Screen section
	"Default Screen Section" for depth/fbbpp 24/32
[    26.508] (--) vmware(0): DRM driver version is 2.14.0
[    26.508] (==) vmware(0): Depth 24, (--) framebuffer bpp 32
[    26.508] (==) vmware(0): RGB weight 888
[    26.509] (==) vmware(0): Default visual is TrueColor
[    26.509] (--) vmware(0): Min width 1, Max Width 8192.
[    26.509] (--) vmware(0): Min height 1, Max Height 8192.
[    26.510] (II) vmware(0): Output Virtual1 has no monitor section
[    26.510] (II) vmware(0): Output Virtual2 has no monitor section
[    26.511] (II) vmware(0): Output Virtual3 has no monitor section
[    26.511] (II) vmware(0): Output Virtual4 has no monitor section
[    26.511] (II) vmware(0): Output Virtual5 has no monitor section
[    26.512] (II) vmware(0): Output Virtual6 has no monitor section
[    26.512] (II) vmware(0): Output Virtual7 has no monitor section
[    26.512] (II) vmware(0): Output Virtual8 has no monitor section
[    26.512] (II) vmware(0): Printing probed modes for output Virtual1
[    26.512] (II) vmware(0): Modeline "800x600"x60.0   42.75  800 850 900 950  600 650 700 750 -hsync +vsync (45.0 kHz eP)
[    26.512] (II) vmware(0): Modeline "2560x1600"x60.0  348.50  2560 2752 3032 3504  1600 1603 1609 1658 -hsync +vsync (99.5 kHz e)
[    26.512] (II) vmware(0): Modeline "1920x1440"x60.0  234.00  1920 2048 2256 2600  1440 1441 1444 1500 -hsync +vsync (90.0 kHz e)
[    26.513] (II) vmware(0): Modeline "1856x1392"x60.0  218.25  1856 1952 2176 2528  1392 1393 1396 1439 -hsync +vsync (86.3 kHz e)
[    26.513] (II) vmware(0): Modeline "1792x1344"x60.0  204.75  1792 1920 2120 2448  1344 1345 1348 1394 -hsync +vsync (83.6 kHz e)
[    26.513] (II) vmware(0): Modeline "1920x1200"x59.9  193.25  1920 2056 2256 2592  1200 1203 1209 1245 -hsync +vsync (74.6 kHz e)
[    26.513] (II) vmware(0): Modeline "1600x1200"x60.0  162.00  1600 1664 1856 2160  1200 1201 1204 1250 +hsync +vsync (75.0 kHz e)
[    26.513] (II) vmware(0): Modeline "1680x1050"x60.0  146.25  1680 1784 1960 2240  1050 1053 1059 1089 -hsync +vsync (65.3 kHz e)
[    26.513] (II) vmware(0): Modeline "1400x1050"x60.0  121.75  1400 1488 1632 1864  1050 1053 1057 1089 -hsync +vsync (65.3 kHz e)
[    26.513] (II) vmware(0): Modeline "1280x1024"x60.0  108.00  1280 1328 1440 1688  1024 1025 1028 1066 +hsync +vsync (64.0 kHz e)
[    26.513] (II) vmware(0): Modeline "1440x900"x59.9  106.50  1440 1520 1672 1904  900 903 909 934 -hsync +vsync (55.9 kHz e)
[    26.514] (II) vmware(0): Modeline "1280x960"x60.0  108.00  1280 1376 1488 1800  960 961 964 1000 +hsync +vsync (60.0 kHz e)
[    26.514] (II) vmware(0): Modeline "1360x768"x60.0   85.50  1360 1424 1536 1792  768 771 777 795 +hsync +vsync (47.7 kHz e)
[    26.514] (II) vmware(0): Modeline "1280x800"x59.8   83.50  1280 1352 1480 1680  800 803 809 831 +hsync -vsync (49.7 kHz e)
[    26.514] (II) vmware(0): Modeline "1152x864"x75.0  108.00  1152 1216 1344 1600  864 865 868 900 +hsync +vsync (67.5 kHz e)
[    26.514] (II) vmware(0): Modeline "1280x768"x59.9   79.50  1280 1344 1472 1664  768 771 778 798 -hsync +vsync (47.8 kHz e)
[    26.514] (II) vmware(0): Modeline "1024x768"x60.0   65.00  1024 1048 1184 1344  768 771 777 806 -hsync -vsync (48.4 kHz e)
[    26.514] (II) vmware(0): Modeline "800x600"x60.3   40.00  800 840 968 1056  600 601 605 628 +hsync +vsync (37.9 kHz e)
[    26.514] (II) vmware(0): Modeline "640x480"x59.9   25.18  640 656 752 800  480 489 492 525 -hsync -vsync (31.5 kHz e)
[    26.515] (II) vmware(0): EDID for output Virtual2
[    26.515] (II) vmware(0): EDID for output Virtual3
[    26.515] (II) vmware(0): EDID for output Virtual4
[    26.515] (II) vmware(0): EDID for output Virtual5
[    26.516] (II) vmware(0): EDID for output Virtual6
[    26.516] (II) vmware(0): EDID for output Virtual7
[    26.516] (II) vmware(0): EDID for output Virtual8
[    26.516] (II) vmware(0): Output Virtual1 connected
[    26.516] (II) vmware(0): Output Virtual2 disconnected
[    26.517] (II) vmware(0): Output Virtual3 disconnected
[    26.517] (II) vmware(0): Output Virtual4 disconnected
[    26.517] (II) vmware(0): Output Virtual5 disconnected
[    26.517] (II) vmware(0): Output Virtual6 disconnected
[    26.517] (II) vmware(0): Output Virtual7 disconnected
[    26.518] (II) vmware(0): Output Virtual8 disconnected
[    26.518] (II) vmware(0): Using exact sizes for initial modes
[    26.518] (II) vmware(0): Output Virtual1 using initial mode 800x600 +0+0
[    26.518] (==) vmware(0): DPI set to (96, 96)
[    26.518] (==) vmware(0): Using gamma correction (1.0, 1.0, 1.0)
[    26.519] (II) Loading sub module "fb"
[    26.519] (II) LoadModule: "fb"
[    26.519] (II) Loading /usr/lib/xorg/modules/libfb.so
[    26.522] (II) Module fb: vendor="X.Org Foundation"
[    26.522] 	compiled for 1.19.6, module version = 1.0.0
[    26.522] 	ABI class: X.Org ANSI C Emulation, version 0.4
[    26.522] (II) Loading sub module "dri2"
[    26.522] (II) LoadModule: "dri2"
[    26.523] (II) Module "dri2" already built-in
[    26.523] (II) UnloadModule: "modesetting"
[    26.523] (II) Unloading modesetting
[    26.523] (II) UnloadModule: "fbdev"
[    26.523] (II) Unloading fbdev
[    26.524] (II) UnloadSubModule: "fbdevhw"
[    26.524] (II) Unloading fbdevhw
[    26.524] (II) UnloadModule: "vesa"
[    26.525] (II) Unloading vesa
[    26.525] (==) Depth 24 pixmap format is 32 bpp
[    26.528] (II) vmware(0): Initialized VMWARE_CTRL extension version 0.2
[    26.546] (II) vmware(0): Gallium3D XA version: 2.3.0.
[    26.546] (II) vmware(0): Path of drm device is "/dev/dri/card0".
[    26.546] (II) vmware(0): [DRI2] Setup complete
[    26.547] (II) vmware(0): [DRI2]   DRI driver: vmwgfx
[    26.547] (--) vmware(0): Render acceleration is enabled.
[    26.547] (==) vmware(0): Rendercheck mode is disabled.
[    26.547] (--) vmware(0): Direct rendering (3D) is enabled.
[    26.547] (==) vmware(0): Direct presents are disabled.
[    26.547] (==) vmware(0): Hardware only presents are automatic per scanout.
[    26.547] (==) vmware(0): Backing store enabled
[    26.547] (==) vmware(0): Silken mouse enabled
[    26.549] (II) vmware(0): RandR 1.2 enabled, ignore the following RandR disabled message.
[    26.551] (==) vmware(0): DPMS enabled
[    26.551] (--) RandR disabled
[    26.556] (II) SELinux: Disabled on system
[    26.568] (II) AIGLX: enabled GLX_MESA_copy_sub_buffer
[    26.568] (II) AIGLX: enabled GLX_ARB_create_context
[    26.569] (II) AIGLX: enabled GLX_ARB_create_context_profile
[    26.569] (II) AIGLX: enabled GLX_EXT_create_context_es{,2}_profile
[    26.569] (II) AIGLX: enabled GLX_EXT_framebuffer_sRGB
[    26.569] (II) AIGLX: enabled GLX_ARB_fbconfig_float
[    26.570] (II) AIGLX: enabled GLX_EXT_fbconfig_packed_float
[    26.570] (II) AIGLX: GLX_EXT_texture_from_pixmap backed by buffer objects
[    26.571] (II) AIGLX: Loaded and initialized vmwgfx
[    26.571] (II) GLX: Initialized DRI2 GL provider for screen 0
[    26.578] (II) vmware(0): Setting screen physical size to 211 x 158
[    26.628] (II) config/udev: Adding input device Power Button (/dev/input/event0)
[    26.628] (**) Power Button: Applying InputClass "libinput keyboard catchall"
[    26.628] (II) LoadModule: "libinput"
[    26.629] (II) Loading /usr/lib/xorg/modules/input/libinput_drv.so
[    26.633] (II) Module libinput: vendor="X.Org Foundation"
[    26.633] 	compiled for 1.19.6, module version = 0.27.1
[    26.633] 	Module class: X.Org XInput Driver
[    26.634] 	ABI class: X.Org XInput driver, version 24.1
[    26.634] (II) Using input driver 'libinput' for 'Power Button'
[    26.637] (II) systemd-logind: got fd for /dev/input/event0 13:64 fd 24 paused 0
[    26.637] (**) Power Button: always reports core events
[    26.637] (**) Option "Device" "/dev/input/event0"
[    26.637] (**) Option "_source" "server/udev"
[    26.638] (II) event0  - Power Button: is tagged by udev as: Keyboard
[    26.638] (II) event0  - Power Button: device is a keyboard
[    26.639] (II) event0  - Power Button: device removed
[    26.639] (**) Option "config_info" "udev:/sys/devices/LNXSYSTM:00/LNXPWRBN:00/input/input0/event0"
[    26.640] (II) XINPUT: Adding extended input device "Power Button" (type: KEYBOARD, id 6)
[    26.640] (**) Option "xkb_model" "SKIP"
[    26.640] (**) Option "xkb_layout" "us"
[    26.666] (II) event0  - Power Button: is tagged by udev as: Keyboard
[    26.667] (II) event0  - Power Button: device is a keyboard
[    26.669] (II) config/udev: Adding input device VMware VMware Virtual USB Mouse (/dev/input/event4)
[    26.669] (**) VMware VMware Virtual USB Mouse: Applying InputClass "libinput pointer catchall"
[    26.669] (II) Using input driver 'libinput' for 'VMware VMware Virtual USB Mouse'
[    27.114] (II) systemd-logind: got fd for /dev/input/event4 13:68 fd 27 paused 0
[    27.114] (**) VMware VMware Virtual USB Mouse: always reports core events
[    27.114] (**) Option "Device" "/dev/input/event4"
[    27.115] (**) Option "_source" "server/udev"
[    27.116] (II) event4  - VMware VMware Virtual USB Mouse: is tagged by udev as: Mouse
[    27.116] (II) event4  - VMware VMware Virtual USB Mouse: device is a pointer
[    27.116] (II) event4  - VMware VMware Virtual USB Mouse: device removed
[    27.116] (**) Option "config_info" "udev:/sys/devices/pci0000:00/0000:00:11.0/0000:02:00.0/usb2/2-1/2-1:1.0/0003:0E0F:0003.0001/input/input5/event4"
[    27.117] (II) XINPUT: Adding extended input device "VMware VMware Virtual USB Mouse" (type: MOUSE, id 7)
[    27.117] (**) Option "AccelerationScheme" "none"
[    27.117] (**) VMware VMware Virtual USB Mouse: (accel) selected scheme none/0
[    27.117] (**) VMware VMware Virtual USB Mouse: (accel) acceleration factor: 2.000
[    27.117] (**) VMware VMware Virtual USB Mouse: (accel) acceleration threshold: 4
[    27.118] (II) event4  - VMware VMware Virtual USB Mouse: is tagged by udev as: Mouse
[    27.118] (II) event4  - VMware VMware Virtual USB Mouse: device is a pointer
[    27.119] (II) config/udev: Adding input device VMware VMware Virtual USB Mouse (/dev/input/mouse2)
[    27.119] (II) No input driver specified, ignoring this device.
[    27.119] (II) This device may have been added with another device file.
[    27.120] (II) config/udev: Adding input device AT Translated Set 2 keyboard (/dev/input/event1)
[    27.120] (**) AT Translated Set 2 keyboard: Applying InputClass "libinput keyboard catchall"
[    27.120] (II) Using input driver 'libinput' for 'AT Translated Set 2 keyboard'
[    27.122] (II) systemd-logind: got fd for /dev/input/event1 13:65 fd 28 paused 0
[    27.123] (**) AT Translated Set 2 keyboard: always reports core events
[    27.123] (**) Option "Device" "/dev/input/event1"
[    27.123] (**) Option "_source" "server/udev"
[    27.125] (II) event1  - AT Translated Set 2 keyboard: is tagged by udev as: Keyboard
[    27.125] (II) event1  - AT Translated Set 2 keyboard: device is a keyboard
[    27.125] (II) event1  - AT Translated Set 2 keyboard: device removed
[    27.125] (**) Option "config_info" "udev:/sys/devices/platform/i8042/serio0/input/input1/event1"
[    27.125] (II) XINPUT: Adding extended input device "AT Translated Set 2 keyboard" (type: KEYBOARD, id 8)
[    27.125] (**) Option "xkb_model" "SKIP"
[    27.126] (**) Option "xkb_layout" "us"
[    27.126] (II) event1  - AT Translated Set 2 keyboard: is tagged by udev as: Keyboard
[    27.127] (II) event1  - AT Translated Set 2 keyboard: device is a keyboard
[    27.127] (II) config/udev: Adding input device VirtualPS/2 VMware VMMouse (/dev/input/event3)
[    27.127] (**) VirtualPS/2 VMware VMMouse: Applying InputClass "libinput pointer catchall"
[    27.127] (II) Using input driver 'libinput' for 'VirtualPS/2 VMware VMMouse'
[    27.130] (II) systemd-logind: got fd for /dev/input/event3 13:67 fd 29 paused 0
[    27.130] (**) VirtualPS/2 VMware VMMouse: always reports core events
[    27.130] (**) Option "Device" "/dev/input/event3"
[    27.130] (**) Option "_source" "server/udev"
[    27.131] (II) event3  - VirtualPS/2 VMware VMMouse: is tagged by udev as: Mouse
[    27.131] (II) event3  - VirtualPS/2 VMware VMMouse: device is a pointer
[    27.131] (II) event3  - VirtualPS/2 VMware VMMouse: device removed
[    27.131] (**) Option "config_info" "udev:/sys/devices/platform/i8042/serio1/input/input3/event3"
[    27.132] (II) XINPUT: Adding extended input device "VirtualPS/2 VMware VMMouse" (type: MOUSE, id 9)
[    27.132] (**) Option "AccelerationScheme" "none"
[    27.132] (**) VirtualPS/2 VMware VMMouse: (accel) selected scheme none/0
[    27.132] (**) VirtualPS/2 VMware VMMouse: (accel) acceleration factor: 2.000
[    27.132] (**) VirtualPS/2 VMware VMMouse: (accel) acceleration threshold: 4
[    27.133] (II) event3  - VirtualPS/2 VMware VMMouse: is tagged by udev as: Mouse
[    27.133] (II) event3  - VirtualPS/2 VMware VMMouse: device is a pointer
[    27.134] (II) config/udev: Adding input device VirtualPS/2 VMware VMMouse (/dev/input/mouse1)
[    27.134] (II) No input driver specified, ignoring this device.
[    27.134] (II) This device may have been added with another device file.
[    27.135] (II) config/udev: Adding input device VirtualPS/2 VMware VMMouse (/dev/input/event2)
[    27.135] (**) VirtualPS/2 VMware VMMouse: Applying InputClass "libinput pointer catchall"
[    27.135] (II) Using input driver 'libinput' for 'VirtualPS/2 VMware VMMouse'
[    27.137] (II) systemd-logind: got fd for /dev/input/event2 13:66 fd 30 paused 0
[    27.137] (**) VirtualPS/2 VMware VMMouse: always reports core events
[    27.138] (**) Option "Device" "/dev/input/event2"
[    27.138] (**) Option "_source" "server/udev"
[    27.139] (II) event2  - VirtualPS/2 VMware VMMouse: is tagged by udev as: Mouse
[    27.139] (II) event2  - VirtualPS/2 VMware VMMouse: device is a pointer
[    27.139] (II) event2  - VirtualPS/2 VMware VMMouse: device removed
[    27.139] (**) Option "config_info" "udev:/sys/devices/platform/i8042/serio1/input/input4/event2"
[    27.140] (II) XINPUT: Adding extended input device "VirtualPS/2 VMware VMMouse" (type: MOUSE, id 10)
[    27.140] (**) Option "AccelerationScheme" "none"
[    27.140] (**) VirtualPS/2 VMware VMMouse: (accel) selected scheme none/0
[    27.140] (**) VirtualPS/2 VMware VMMouse: (accel) acceleration factor: 2.000
[    27.141] (**) VirtualPS/2 VMware VMMouse: (accel) acceleration threshold: 4
[    27.141] (II) event2  - VirtualPS/2 VMware VMMouse: is tagged by udev as: Mouse
[    27.142] (II) event2  - VirtualPS/2 VMware VMMouse: device is a pointer
[    27.142] (II) config/udev: Adding input device VirtualPS/2 VMware VMMouse (/dev/input/mouse0)
[    27.143] (II) No input driver specified, ignoring this device.
[    27.143] (II) This device may have been added with another device file.
[   287.020] (DB) vmware(0): New layout.
[   287.065] (DB) vmware(0): 0: 0 0 1366 768
[   287.068] (DB) vmware(0): 
